[11:03:14] 	 Array
(
    [g_name] => DenLykov
    [g_text] => Миша, цикл сломался слегка =)
Только твои прогнозы не видно, остальные как на ладони...
    [g_ques] => Анна
    [submit] => Отправить
)

-----------------
[11:03:26] 	 Array
(
    [g_name] => DenLykov
    [g_text] => Миша, цикл сломался слегка =)
Только твои прогнозы не видно, остальные как на ладони...
    [g_ques] => 63
    [submit] => Отправить
)

-----------------
[13:13:17] 	 Array
(
    [g_name] => #misewk#
    [g_text] => Пока специально открыл прогнозы.
Честно думаю до конца групповойго турнира можно их и не скрывать :-).
Мои не видно, потмоу что их нет :-)
    [g_ques] => Макарович
    [submit] => Отправить
)

-----------------
