[10:48:54] 	 Array
(
    [g_name] => #misewk#
    [g_text] => Бухали вместе как-то очень паливно ;)
    [g_ques] => 4
    [submit] => Отправить
)

-----------------
[16:49:07] 	 Array
(
    [g_name] => Шевченко Е
    [g_text] => По Украине, кроме меня, только 2 оптимиста :-) Ну-у... Посмотрим...
    [g_ques] => 2
    [submit] => Отправить
)

-----------------
[16:49:18] 	 Array
(
    [g_name] => Шевченко
    [g_text] => По Украине, кроме меня, только 2 оптимиста :-) Ну-у... Посмотрим...
    [g_ques] => Сковорода
    [submit] => Отправить
)

-----------------
[21:16:15] 	 Array
(
    [g_name] => Шевченко Jr
    [g_text] => Женя (Шевченко), у тебя и так два минуса на неверного победителя. Поменяй по Украине, пока не поздно! :)
    [g_ques] => Симоненко
    [submit] => Отправить
)

-----------------
