[00:05:33] 	 Array
(
    [g_name] => #misewk#
    [g_text] => се нули и минуса пока в таблице исчезли :-)
    [g_ques] => Пейсли
    [submit] => Отправить
)

-----------------
[01:33:35] 	 Array
(
    [g_name] => Serge
    [g_text] => І брати Прокопи окопались в топі, ще б Оля підтягнулась для картинки :-) 
    [g_ques] => 1
    [submit] => Отправить
)

-----------------
[07:27:09] 	 Array
(
    [g_name] => Dima
    [g_text] => Serge! То є зайве. Просто ми в кінці бали просумуємо )
    [g_ques] => 1
    [submit] => Отправить
)

-----------------
